2020-07-27_23:57:07, 26.375
2020-07-27_23:58:40, 26.25
2020-07-28_00:01:41, 37.625
2020-07-28_00:19:04, 24.687
2020-07-28_00:26:49, 24.5
2020-07-28_00:37:14, 24.5
2020-07-28_00:45:26, 24.187
2020-07-28_10:48:59, 40.875
2020-07-28_11:34:31, 32.75
2020-07-28_12:06:39, 24.25
2020-07-28_15:03:46, 85
2020-07-28_15:13:47, 31
2020-07-28_18:51:14, 26.312
2020-07-28_19:32:31, 26.062
2020-07-29_10:03:55, 23
2020-07-29_16:03:57, 85
2020-07-30_10:03:57, 23.312
2020-07-30_16:03:47, 34.562
2020-07-31_10:03:47, 37.25
2020-07-31_16:03:47, 28.5
2020-08-01_10:03:40, 85
2020-08-01_16:03:39, 25.937
2020-08-02_10:03:52, 15.437
2020-08-02_16:03:37, 16.562
2020-08-03_10:03:46, 85
2020-08-03_16:03:44, 12.812
2020-08-04_10:03:43, 7.187
2020-08-04_16:03:59, 7
2020-08-05_10:03:44, 9.25
2020-08-05_16:03:41, 12.375
2020-08-06_10:03:43, 85
2020-08-06_16:03:40, 19.062
2020-08-06_16:06:45, 18.25
2020-08-07_16:03:41, 22.437
2020-08-08_10:03:42, 19.875
2020-08-08_10:18:11, 23
2020-08-08_10:32:03, 20.187
2020-08-08_10:45:56, 22.5
2020-08-08_10:59:48, 21.25
2020-08-08_11:13:40, 23.75
2020-08-08_11:27:35, 19.937
2020-08-08_11:41:26, 23.5
2020-08-08_11:55:18, 23.062
2020-08-08_12:09:11, 28.875
2020-08-08_12:23:05, 25.062
2020-08-08_12:36:58, 20.625
2020-08-08_12:50:51, 17.25
2020-08-08_13:04:46, 16.812
2020-08-08_13:18:37, 15.062
2020-08-15_16:03:35, 18
2020-08-16_10:03:39, 20.812
2020-08-16_10:07:13, 27.125
2020-08-17_10:03:33, 21.937
2020-08-17_10:37:40, 85
2020-08-17_10:37:41, 22.937
2020-08-18_20:46:43, 22.937
2020-08-18_21:28:25, 22.812
2020-08-18_21:54:22, 85
2020-08-23_16:10:44, 22.75
2020-08-23_16:21:00, 22.75
2020-08-23_16:24:58, 22.75
2020-08-23_16:35:55, 22.875
2020-08-23_16:45:19, 22.875
2020-08-23_16:49:09, 22.937
2020-08-23_17:05:27, 23
2020-08-30_16:06:25, 13.25
2020-08-31_10:06:21, 8.5
2020-08-31_16:06:17, 10
2020-09-01_10:06:17, 6.687
2020-09-01_16:06:16, 8.875
2020-09-02_10:06:16, 8.875
2020-09-02_16:06:17, 11.062
2020-09-03_10:06:18, 11.062
2020-09-03_16:06:14, 14.562
2020-09-04_10:06:15, 16.75
2020-09-04_16:06:16, 19.875
2020-09-05_10:06:15, 18.937
2020-09-05_16:06:15, 20.062
2020-09-06_10:06:17, 10.75
2020-09-06_16:06:24, 10.937
2020-09-07_10:11:15, 7.437
2020-09-07_16:11:12, 8.375
2020-09-08_10:11:13, 10.312
2020-09-08_16:11:13, 16.625
2020-09-09_10:11:12, 17.125
2020-09-09_16:11:12, 19.75
2020-09-10_10:11:09, 16
2020-09-10_16:11:11, 17.937
2020-09-11_10:11:09, 16.937
2020-09-11_16:11:10, 85
2020-09-12_10:11:11, 17.375
2020-09-12_16:11:08, 19
2020-09-13_10:11:07, 17.75
2020-09-13_12:38:01, 23.75
2020-09-13_13:24:55, 23.437
2020-09-13_16:11:13, 21.125
2020-09-14_10:11:08, 19
2020-09-14_16:11:08, 22.937
2020-09-15_10:11:03, 19.812
2020-09-15_16:11:16, 22.187
2020-09-16_10:11:05, 18.75
