2020-09-01_10:06:17, 6.687
2020-09-01_16:06:16, 8.875
2020-09-02_10:06:16, 8.875
2020-09-02_16:06:17, 11.062
2020-09-03_10:06:18, 11.062
2020-09-03_16:06:14, 14.562
2020-09-04_10:06:15, 16.75
2020-09-04_16:06:16, 19.875
2020-09-05_10:06:15, 18.937
2020-09-05_16:06:15, 20.062
2020-09-06_10:06:17, 10.75
2020-09-06_16:06:24, 10.937
2020-09-07_10:11:15, 7.437
2020-09-07_16:11:12, 8.375
2020-09-08_10:11:13, 10.312
2020-09-08_16:11:13, 16.625
2020-09-09_10:11:12, 17.125
2020-09-09_16:11:12, 19.75
2020-09-10_10:11:09, 16
2020-09-10_16:11:11, 17.937
2020-09-11_10:11:09, 16.937
2020-09-12_10:11:11, 17.375
2020-09-12_16:11:08, 19
2020-09-13_10:11:07, 17.75
2020-09-13_16:11:13, 21.125
2020-09-14_10:11:08, 19
2020-09-14_16:11:08, 22.937
2020-09-15_10:11:03, 19.812
2020-09-15_16:11:16, 22.187
2020-09-16_10:11:05, 18.75
2020-09-16_16:11:05, 19.437
2020-09-17_10:11:03, 12.75
2020-09-17_16:11:03, 15
2020-09-18_10:11:16, 14.375
2020-09-18_16:11:12, 18.062
2020-09-19_10:11:02, 17.25
2020-09-19_16:11:09, 19.75
2020-09-20_10:11:07, 17.062
2020-09-20_16:10:58, 19.687
2020-09-21_10:11:10, 15.937
2020-09-21_16:10:58, 18.312
2020-09-22_10:11:02, 16.312
2020-09-22_16:10:58, 17.937
2020-09-23_10:11:10, 11.187
2020-09-23_16:10:58, 12.25
2020-09-24_10:11:06, 14.187
2020-09-24_16:10:56, 15.187
2020-09-25_10:11:07, 5.937
2020-09-25_16:10:58, 1.187
2020-09-26_10:10:57, -0.125
2020-09-26_16:11:07, 0.625
2020-09-27_10:10:58, 5.187
2020-09-27_16:11:05, 7.187
2020-09-28_10:11:04, 2.5
2020-09-28_16:10:57, 2.75
2020-09-29_10:10:58, 4
2020-09-29_16:11:06, 6.062
2020-09-30_10:10:59, 6.437
2020-09-30_16:11:04, 11.687
2020-10-01_10:10:57, 11.937
2020-10-01_16:10:56, 14.562
2020-10-02_10:11:02, 10.5
2020-10-02_16:10:56, 13.062
2020-10-03_10:10:53, 16.812
2020-10-03_16:11:01, 15.062
2020-10-04_10:10:52, 12.125
2020-10-04_16:10:53, 12.437
2020-10-05_10:11:01, 4.125
2020-10-05_16:10:55, 5.937
2020-10-06_10:10:54, 7.562
2020-10-06_16:10:54, 8.5
2020-10-07_10:10:53, 6.062
2020-10-07_16:10:52, 7.062
2020-10-08_10:10:53, 6.812
2020-10-08_16:10:53, 10.875
2020-10-09_10:10:53, 12.125
2020-10-09_16:10:58, 13.625
2020-10-10_10:10:53, 11.187
2020-10-10_16:10:49, 4.875
2020-10-11_10:10:52, 1.187
2020-10-11_16:11:03, 0.062
2020-10-12_10:10:52, -0.625
2020-10-12_16:11:04, 1.5
2020-10-13_10:10:53, -0.312
2020-10-13_16:10:54, 0.375
2020-10-14_10:10:55, 3.125
2020-10-14_16:10:50, 3.562
2020-10-15_10:11:05, -0.625
2020-10-15_16:10:54, 0.062
2020-10-16_10:10:56, 0.437
2020-10-16_16:10:55, 1.25
2020-10-17_10:10:55, 0.812
2020-10-17_16:10:52, 2.937
2020-10-18_10:10:52, 2.25
2020-10-18_16:11:09, 11.687
2020-10-19_10:10:52, 12.875
2020-10-19_16:10:53, 16.937
2020-10-20_10:10:55, 24.062
2020-10-20_16:10:54, 20.625
2020-10-21_10:10:53, 14.5
2020-10-21_16:10:53, 34.937
2020-10-22_10:10:54, 22.125
2020-10-22_16:10:51, 25.625
2020-10-23_10:10:53, 17.437
2020-10-23_16:10:50, 13.062
2020-10-24_16:10:50, 7.25
2020-10-25_09:10:50, 20.125
2020-10-25_15:10:51, 30.375
2020-10-26_09:10:49, 21.375
2020-10-26_15:10:49, 6
2020-10-27_09:10:50, -0.312
2020-10-27_15:10:48, 21.562
2020-10-28_09:10:56, 6.937
2020-10-28_15:10:48, 33.125
2020-10-29_09:10:49, 3.187
2020-10-29_15:10:57, 3.75
2020-10-30_09:10:49, 5.562
2020-10-30_15:10:49, 15.375
2020-10-31_09:10:49, 23.437
2020-10-31_15:10:49, 40.687
2020-11-01_09:10:48, 10
2020-11-01_15:10:49, 11.687
2020-11-02_09:10:49, 12.437
2020-11-02_15:10:47, 30.062
2020-11-03_09:10:46, 10.562
2020-11-03_15:10:47, 10
2020-11-04_09:10:45, 2.687
2020-11-04_15:10:48, 3.437
2020-11-05_09:10:46, 3.125
2020-11-05_15:10:47, 4.187
2020-11-06_09:10:45, 5.125
2020-11-06_15:10:59, 31.25
2020-11-07_09:10:45, 20.437
2020-11-07_15:10:46, 38.312
2020-11-08_09:10:46, 20.625
2020-11-08_15:10:45, 32.625
2020-11-09_09:10:44, 17.625
2020-11-09_15:10:43, 32.312
2020-11-10_09:10:45, 18.062
2020-11-10_15:10:43, 19.812
2020-11-11_09:10:43, 9.187
2020-11-11_15:10:44, 9.187
2020-11-12_09:10:44, 14.75
2020-11-12_15:10:43, 12.437
2020-11-13_09:10:43, 12.312
2020-11-13_15:10:41, 27.25
2020-11-14_09:10:45, 12.687
2020-11-14_15:10:42, 27.25
2020-11-15_09:10:42, 18.312
2020-11-15_15:10:43, 21.437
2020-11-16_09:10:43, 2.875
2020-11-16_15:10:42, 6.062
2020-11-17_09:10:43, 6.5
2020-11-17_15:10:40, 21.687
2020-11-18_09:10:43, 21.312
2020-11-18_15:10:40, 30.562
2020-11-19_09:10:40, 22.437
2020-11-19_15:10:41, 9.437
2020-11-20_09:10:41, -1.187
2020-11-21_09:10:40, 6.187
2020-11-21_15:10:41, 19.375
2020-11-22_09:10:43, 23.187
2020-11-22_15:10:42, 25.687
2020-11-23_09:10:43, 2.812
2020-11-23_15:10:41, 5.562
2020-11-24_09:10:41, 16.75
2020-11-24_15:10:40, 26.812
2020-11-25_09:10:43, 16.437
2020-11-25_15:10:42, 29
2020-11-26_09:10:41, 18.687
2020-11-26_15:10:42, 25.375
2020-11-27_09:10:41, 11.875
2020-11-27_15:10:38, 21.562
2020-11-28_09:10:42, 11.875
2020-11-28_15:10:41, 20.312
2020-11-29_09:10:43, 11.937
2020-11-29_15:10:42, 9.312
2020-11-30_09:10:41, 8.812
2020-11-30_15:10:40, 19.187
2020-12-01_09:10:42, 0.812
2020-12-01_15:10:41, 0.562
2020-12-02_09:10:42, -5.5
2020-12-02_15:10:41, -3.312
2020-12-03_09:10:44, -4.687
2020-12-03_15:10:44, 12.875
2020-12-04_09:10:43, 3.187
2020-12-04_15:10:51, 3.687
2020-12-05_09:10:43, 2.937
2020-12-05_15:10:43, 0.562
2020-12-06_09:10:43, 2.75
2020-12-06_15:10:46, 2.375
2020-12-07_09:10:45, -2.437
2020-12-07_15:10:44, -0.375
2020-12-08_15:10:44, 2.875
2020-12-09_09:10:45, -3
2020-12-09_15:10:44, -2.437
2020-12-10_09:10:46, -3.75
2020-12-10_15:10:45, -1
2020-12-11_09:10:47, 13.125
2020-12-11_15:10:46, 9
2020-12-12_09:10:49, -1
2020-12-12_15:10:47, 2.187
2020-12-13_09:10:47, -0.375
2020-12-13_15:10:50, 0.812
2020-12-14_09:10:48, 15.75
2020-12-14_15:10:49, 11.812
2020-12-15_09:10:48, 6.375
2020-12-15_15:10:48, 7.437
2020-12-16_09:10:52, 3.687
2020-12-16_15:10:45, 7.5
2020-12-17_09:10:49, 18.125
2020-12-17_15:10:49, 18.812
2020-12-18_09:10:45, 15.687
2020-12-18_15:10:47, 22.25
2020-12-19_09:10:47, 15.062
2020-12-19_15:10:48, 20.937
2020-12-20_09:10:47, 16.687
2020-12-20_15:10:46, 11.562
2020-12-21_09:10:49, 8
2020-12-21_15:10:47, 5.562
2020-12-22_09:10:46, 8.625
2020-12-22_15:10:46, 8.25
2020-12-23_09:10:48, 5.875
2020-12-23_15:10:46, 10.312
2020-12-24_09:10:46, 0.562
2020-12-24_15:10:46, 0.562
2020-12-25_09:10:48, -3.875
2020-12-25_15:10:47, -3.875
2020-12-26_09:10:50, -6.625
2020-12-26_15:10:47, -4.187
2020-12-27_09:10:50, 10.437
2020-12-27_15:10:49, 3.75
2020-12-28_09:10:51, 3.812
2020-12-28_15:10:52, 2.062
2020-12-29_09:10:54, 7.812
2020-12-29_15:10:51, 4.062
2020-12-30_09:10:52, -3.125
2020-12-30_15:10:53, -0.687
2020-12-31_09:10:54, 7.875
2020-12-31_15:10:53, 18.625
2021-01-01_09:10:52, -0.375
2021-01-01_15:10:54, 6.25
2021-01-02_09:10:53, 1.062
2021-01-02_15:10:54, 1.562
2021-01-03_15:10:55, 2.562
2021-01-04_09:10:55, -3.687
2021-01-04_15:10:54, 14.937
2021-01-05_09:10:56, 12
2021-01-05_15:10:55, 9.125
2021-01-06_09:10:58, -4.437
2021-01-06_15:10:56, -3.125
2021-01-07_09:10:59, -5.5
2021-01-07_09:29:04, 0.437
2021-01-07_15:10:56, 1.5
2021-01-08_09:11:00, -6.937
2021-01-08_15:11:00, 4.5
2021-01-09_09:11:01, 2.687
2021-01-09_15:10:58, 4.937
2021-01-10_09:11:00, -10.875
2021-01-10_15:11:02, 4.437
2021-01-11_09:11:04, 6.125
2021-01-11_15:11:04, 13.437
2021-01-12_09:11:03, -3.125
2021-01-12_15:11:04, -1.625
2021-01-13_09:11:02, -6.312
2021-01-13_15:11:05, -0.062
2021-01-14_09:11:05, -6.812
2021-01-14_15:11:04, -7.562
2021-01-15_09:11:07, 3.5
2021-01-15_15:11:06, -0.687
2021-01-16_09:11:09, -9.187
2021-01-16_15:11:08, -1.437
2021-01-17_09:11:08, -5.5
2021-01-17_15:11:12, -3.562
2021-01-18_09:11:09, -4.875
2021-01-18_15:11:11, -2.5
2021-01-19_09:11:15, 1.062
2021-01-19_15:11:09, 12.062
2021-01-20_09:11:14, 8
2021-01-20_15:11:12, 19.687
2021-01-21_09:11:13, 6.937
2021-01-21_15:11:12, 7.5
2021-01-22_09:11:13, 17
2021-01-22_15:11:12, 7.625
2021-01-23_09:11:12, -3.875
2021-01-23_15:11:13, -1
2021-01-24_09:11:13, 0
2021-01-24_15:11:15, -1.687
2021-01-25_09:11:13, -5.125
2021-01-25_15:11:14, -4.812
2021-01-26_09:11:16, -7.812
2021-01-26_15:11:15, -7
2021-01-27_09:11:17, -3.375
2021-01-27_15:11:15, -3.75
2021-01-28_09:11:17, -1.312
2021-01-28_15:11:15, -0.625
2021-01-29_09:11:17, 2
2021-01-29_15:11:19, 3.187
2021-01-30_09:11:16, 7.812
2021-01-30_15:11:19, 5.062
2021-01-31_09:11:19, 0.125
2021-01-31_15:11:18, 4.5
2021-02-01_09:11:18, 8.812
2021-02-01_15:11:16, 7.375
2021-02-02_09:20:31, 5.562
2021-02-02_15:11:17, 4.937
2021-02-03_09:11:18, 3.437
2021-02-03_15:11:18, 17.5
2021-02-04_09:11:16, 13.937
2021-02-04_15:11:18, 13.875
2021-02-05_09:11:17, 8.375
2021-02-05_15:11:14, 25.5
2021-02-06_09:11:16, 7.25
2021-02-06_15:11:18, 11.5
2021-02-07_09:11:15, 8.625
2021-02-07_15:11:13, 12.687
2021-02-08_09:11:15, -3.687
2021-02-08_15:11:16, -0.937
2021-02-09_09:11:17, 1.625
2021-02-09_15:11:16, 0.187
2021-02-10_09:11:19, 0.937
2021-02-10_15:11:19, 1.437
2021-02-11_09:11:18, -12.375
2021-02-11_15:11:19, -7.75
2021-02-12_09:11:23, -2.062
2021-02-12_15:11:20, 2.187
2021-02-13_09:11:25, -5
2021-02-13_15:11:22, -0.25
2021-02-14_09:11:26, 10.875
2021-02-14_15:11:24, 1.812
2021-02-15_09:11:27, 14.437
2021-02-15_15:11:26, 5.25
2021-02-16_09:11:27, 1.625
2021-02-16_15:11:28, 6.25
2021-02-17_09:11:27, 12.875
2021-02-17_15:11:27, 5.812
2021-02-18_09:11:29, 18.937
2021-02-18_15:11:26, 18.062
2021-02-19_09:11:27, 3.687
2021-02-19_15:11:25, 11.625
2021-02-20_09:11:26, 23.5
2021-02-20_15:11:27, 24.875
2021-02-21_09:11:26, 26.75
2021-02-21_15:11:24, 25.687
2021-02-22_09:11:25, 24.562
2021-02-22_15:11:26, 26.375
2021-02-23_09:11:24, 24.437
2021-02-23_15:11:23, 20.312
2021-02-24_09:11:26, 24.375
2021-02-24_15:11:24, 25.875
2021-02-25_09:11:26, 25.375
2021-02-25_15:11:22, 28.687
2021-02-26_09:11:25, 19.812
2021-02-26_15:11:22, 19.875
2021-02-27_09:11:23, -1.625
2021-02-27_15:11:24, 3.75
2021-02-28_09:11:22, 6
2021-02-28_15:11:22, 9.625
2021-03-01_09:11:24, 17.625
2021-03-01_15:11:24, 14
2021-03-02_09:11:24, 16.125
2021-03-02_15:11:23, 15.75
2021-03-03_09:11:22, 17.5
2021-03-03_15:11:21, 13.062
2021-03-04_09:11:23, 5.812
2021-03-04_15:11:25, 9.875
2021-03-05_09:11:21, -0.625
2021-03-05_15:11:23, 1.812
2021-03-06_09:18:28, 6.937
2021-03-06_15:11:24, 5.5
2021-03-07_09:11:25, 6.062
2021-03-07_15:11:26, 6.25
2021-03-08_09:11:26, 2.187
2021-03-08_15:11:24, -0.5
2021-03-09_09:11:23, 6
2021-03-09_15:11:22, 7.687
2021-03-10_09:11:26, -3.125
2021-03-10_15:11:26, 7.125
2021-03-11_09:11:25, 3.125
2021-03-11_15:11:24, 12.875
2021-03-12_09:11:27, 5.437
2021-03-12_15:11:26, 3.562
2021-03-13_09:11:26, 10.687
2021-03-13_15:11:27, 9.875
2021-03-14_09:11:27, -2.875
2021-03-14_15:11:25, 0.375
2021-03-15_09:11:29, 4.375
2021-03-15_15:11:27, -1.375
2021-03-16_09:11:26, -3.687
2021-03-16_15:11:26, -3.312
2021-03-17_09:11:26, -3.187
2021-03-17_15:11:27, -2.062
2021-03-18_09:11:27, -2
2021-03-18_15:11:28, 1.437
2021-03-19_09:11:30, 2
2021-03-19_15:11:30, 0.187
2021-03-20_09:11:33, 0.437
2021-03-20_15:11:29, -3.062
2021-03-21_09:11:33, -6.937
2021-03-21_15:11:31, -2.062
2021-03-22_09:11:31, -4.375
2021-03-22_15:11:32, -2.625
2021-03-23_09:11:33, -0.812
2021-03-23_15:11:35, 6.562
2021-03-24_09:11:32, 20.125
2021-03-24_15:11:35, 13
2021-03-25_09:11:34, 22.812
2021-03-25_15:11:31, 18.312
2021-03-26_09:11:31, 20.687
2021-03-26_15:11:32, 15.25
2021-03-27_09:11:32, 16.812
2021-03-27_15:11:32, 2.687
2021-03-28_10:11:32, 4.562
2021-03-28_16:11:32, 11.687
2021-03-29_10:11:31, 26.375
2021-03-29_16:11:34, 16.625
2021-03-30_10:11:29, 27.625
2021-03-30_16:11:30, 16.125
2021-03-31_10:11:32, 26.812
2021-03-31_16:11:30, 20
2021-04-01_10:11:31, 18
2021-04-01_16:11:32, 18.437
2021-04-02_10:11:30, 17.812
2021-04-02_16:11:31, 13.687
2021-04-03_10:11:29, -0.937
2021-04-03_16:11:30, 0.5
2021-04-04_10:11:32, 3.5
2021-04-04_16:11:32, 4.937
2021-04-05_10:11:31, 14.75
2021-04-05_16:11:31, 13.125
2021-04-06_10:11:30, -1.187
2021-04-06_16:11:32, -4
2021-04-07_10:11:30, -7.062
2021-04-07_16:11:32, -2.875
2021-04-08_10:11:31, -4.312
2021-04-08_16:11:29, 2.687
2021-04-09_10:11:31, 16.562
2021-04-09_16:11:32, 9.687
2021-04-10_10:11:33, 10.375
2021-04-10_16:11:33, 11
2021-04-11_10:11:31, 13.562
2021-04-11_16:11:30, 11.187
2021-04-12_10:11:28, 2.125
2021-04-12_16:11:30, -0.562
2021-04-13_10:11:31, -3.625
2021-04-13_16:11:31, -0.437
2021-04-14_10:11:33, -1.125
2021-04-14_16:11:33, 3.812
2021-04-15_10:11:34, -1.312
2021-04-15_16:11:32, 3.25
2021-04-16_10:11:37, 2.937
2021-04-16_16:11:35, 4.312
2021-04-17_10:11:36, -0.937
2021-04-17_16:11:36, 3.125
2021-04-18_10:11:36, -1.062
2021-04-18_16:11:36, 3.25
2021-04-19_10:11:36, -0.875
2021-04-19_16:11:32, 2.312
2021-04-20_10:11:34, 1.937
2021-04-20_16:11:35, 5.25
2021-04-21_10:11:35, 9
2021-04-21_16:11:35, 12.312
2021-04-22_10:11:33, 3.062
2021-04-22_16:11:34, 4.437
2021-04-23_10:11:37, 6.937
2021-04-23_16:11:35, 11.187
2021-04-24_10:11:36, 10.562
2021-04-24_16:11:36, 14.812
2021-04-25_10:11:36, 15.375
2021-04-25_16:11:34, 12.375
2021-04-26_10:11:35, 5.5
2021-04-26_16:11:33, 11.437
2021-04-27_10:11:30, 11.687
2021-04-27_10:29:07, 13.187
2021-04-28_10:11:30, 12.5
2021-04-28_16:11:32, 14.625
2021-04-29_10:11:31, 12.875
2021-04-29_16:11:30, 10.562
2021-04-30_10:11:31, 7.75
2021-04-30_16:11:30, 15.625
2021-05-01_10:11:29, 14.75
2021-05-01_16:11:30, 13.437
2021-05-02_10:11:30, 1.812
2021-05-02_16:11:30, 5
2021-05-03_10:11:29, 4.625
2021-05-03_10:23:52, 6.812
2021-05-03_16:11:30, 7.562
2021-05-04_10:11:31, 12.625
2021-05-04_16:11:28, 12.437
2021-05-05_10:11:29, 8.937
2021-05-05_16:11:28, 1.75
2021-05-06_10:11:30, 5.625
2021-05-06_16:11:29, 8.625
2021-05-07_10:11:32, 5.437
2021-05-07_16:11:30, 5.937
2021-05-08_10:11:29, 7.687
2021-05-08_16:11:28, 11.625
2021-05-09_10:11:28, 23.312
2021-05-09_16:11:30, 20.25
2021-05-10_10:11:29, 19.5
2021-05-10_16:11:27, 20
2021-05-11_10:11:28, 16
2021-05-11_16:11:28, 15.937
2021-05-12_10:11:27, 3.5
2021-05-12_16:11:26, 5.437
2021-05-13_10:11:25, 3.625
2021-05-13_16:11:27, 7.062
2021-05-13_18:47:24, 12.375
2021-05-13_20:22:50, 14.687
2021-05-13_20:38:35, 13.625
2021-05-14_10:11:26, 11.437
2021-05-14_16:11:26, 11.375
2021-05-15_10:11:32, 9.187
2021-05-15_16:11:34, 9.687
2021-05-16_10:11:31, 13.062
2021-05-16_16:11:30, 11.187
2021-05-16_19:26:08, 12.5
2021-05-16_19:49:34, 13.875
2021-05-16_21:55:09, 13.437
2021-05-16_22:23:04, 13.125
2021-05-17_14:51:11, 16.375
2021-05-17_15:17:45, 16.312
2021-05-17_16:06:00, 16.25
2021-05-17_16:26:48, 16.25
2021-05-17_16:47:14, 0
